<?xml version="1.0" encoding="UTF-8"?>
<robot generator="Robot 7.4.1 (Python 3.14.0 on win32)" generated="2026-02-26T23:03:12.781014" rpa="false" schemaversion="5">
<suite id="s1" name="Tests" source="C:\Users\Admill\Documents\GitHub\13_S1_8_vizsgaremek\Ends\Frontend\Tests">
<suite id="s1-s1" name="AuthTests" source="C:\Users\Admill\Documents\GitHub\13_S1_8_vizsgaremek\Ends\Frontend\Tests\AuthTests.robot">
<kw name="Open Browser To Calentasker" owner="Resources" type="SETUP">
<kw name="Open Browser" owner="SeleniumLibrary">
<msg time="2026-02-26T23:03:13.022039" level="INFO">Opening browser 'Firefox' to base url 'http://localhost:5173/auth'.</msg>
<arg>${URL}/${path}</arg>
<arg>${BROWSER}</arg>
<doc>Opens a new browser instance to the optional ``url``.</doc>
<status status="PASS" start="2026-02-26T23:03:13.021787" elapsed="7.701579"/>
</kw>
<kw name="Maximize Browser Window" owner="SeleniumLibrary">
<doc>Maximizes current browser window.</doc>
<status status="PASS" start="2026-02-26T23:03:20.723602" elapsed="0.274222"/>
</kw>
<kw name="Set Selenium Implicit Wait" owner="SeleniumLibrary">
<arg>5 seconds</arg>
<doc>Sets the implicit wait value used by Selenium.</doc>
<status status="PASS" start="2026-02-26T23:03:20.998317" elapsed="0.003192"/>
</kw>
<status status="PASS" start="2026-02-26T23:03:13.021211" elapsed="7.980491"/>
</kw>
<test id="s1-s1-t1" name="Successful Login" line="8">
<kw name="Login To System" owner="Resources">
<kw name="Go To" owner="SeleniumLibrary">
<msg time="2026-02-26T23:03:21.006008" level="INFO">Opening url 'http://localhost:5173/auth'</msg>
<arg>${URL}/auth</arg>
<doc>Navigates the current browser window to the provided ``url``.</doc>
<status status="PASS" start="2026-02-26T23:03:21.005639" elapsed="0.215310"/>
</kw>
<kw name="Wait Until Element Is Visible" owner="SeleniumLibrary">
<arg>css:input[type="text"]</arg>
<arg>timeout=10s</arg>
<doc>Waits until the element ``locator`` is visible.</doc>
<status status="PASS" start="2026-02-26T23:03:21.221108" elapsed="0.031915"/>
</kw>
<kw name="Input Text" owner="SeleniumLibrary">
<msg time="2026-02-26T23:03:21.253576" level="INFO">Typing text 'testuser1234' into text field 'css:input[type="text"]'.</msg>
<arg>css:input[type="text"]</arg>
<arg>${email}</arg>
<doc>Types the given ``text`` into the text field identified by ``locator``.</doc>
<status status="PASS" start="2026-02-26T23:03:21.253268" elapsed="0.085394"/>
</kw>
<kw name="Input Password" owner="SeleniumLibrary">
<msg time="2026-02-26T23:03:21.340034" level="INFO">Typing password into text field 'css:.passwordField input'.</msg>
<msg time="2026-02-26T23:03:21.352159" level="INFO">Temporally setting log level to: NONE</msg>
<arg>css:.passwordField input</arg>
<arg>${pass}</arg>
<doc>Types the given password into the text field identified by ``locator``.</doc>
<status status="PASS" start="2026-02-26T23:03:21.339059" elapsed="0.050354"/>
</kw>
<kw name="Click Button" owner="SeleniumLibrary">
<msg time="2026-02-26T23:03:21.390331" level="INFO">Clicking button 'css:button[type="submit"]'.</msg>
<arg>css:button[type="submit"]</arg>
<doc>Clicks the button identified by ``locator``.</doc>
<status status="PASS" start="2026-02-26T23:03:21.389862" elapsed="0.108505"/>
</kw>
<kw name="Wait Until Location Is" owner="SeleniumLibrary">
<arg>${URL}/profile</arg>
<arg>timeout=10s</arg>
<doc>Waits until the current URL is ``expected``.</doc>
<status status="PASS" start="2026-02-26T23:03:21.498637" elapsed="1.014464"/>
</kw>
<arg>${VALID_USER}</arg>
<arg>${VALID_PASS}</arg>
<status status="PASS" start="2026-02-26T23:03:21.004435" elapsed="1.508825"/>
</kw>
<kw name="Location Should Be" owner="SeleniumLibrary">
<msg time="2026-02-26T23:03:22.516625" level="INFO">Current location is 'http://localhost:5173/profile'.</msg>
<arg>${URL}/profile</arg>
<doc>Verifies that the current URL is exactly ``url``.</doc>
<status status="PASS" start="2026-02-26T23:03:22.513690" elapsed="0.003105"/>
</kw>
<doc>Test 1: Verifies redirection to /profile.</doc>
<tag>Auth</tag>
<tag>Critical</tag>
<status status="PASS" start="2026-02-26T23:03:21.001970" elapsed="1.515177"/>
</test>
<test id="s1-s1-t2" name="Failed Login" line="14">
<kw name="Execute Javascript" owner="SeleniumLibrary">
<msg time="2026-02-26T23:03:22.519605" level="INFO">Executing JavaScript:
window.localStorage.clear()
Without any arguments.</msg>
<arg>window.localStorage.clear()</arg>
<doc>Executes the given JavaScript code with possible arguments.</doc>
<status status="PASS" start="2026-02-26T23:03:22.518993" elapsed="0.004855"/>
</kw>
<kw name="Go To" owner="SeleniumLibrary">
<msg time="2026-02-26T23:03:22.524351" level="INFO">Opening url 'http://localhost:5173/auth'</msg>
<arg>${URL}/auth</arg>
<doc>Navigates the current browser window to the provided ``url``.</doc>
<status status="PASS" start="2026-02-26T23:03:22.524182" elapsed="0.190085"/>
</kw>
<kw name="Input Text" owner="SeleniumLibrary">
<msg time="2026-02-26T23:03:22.715024" level="INFO">Typing text 'wrong@example.com' into text field 'css:input[type="text"]'.</msg>
<arg>css:input[type="text"]</arg>
<arg>wrong@example.com</arg>
<doc>Types the given ``text`` into the text field identified by ``locator``.</doc>
<status status="PASS" start="2026-02-26T23:03:22.714598" elapsed="0.058534"/>
</kw>
<kw name="Input Password" owner="SeleniumLibrary">
<msg time="2026-02-26T23:03:22.775049" level="INFO">Typing password into text field 'css:.passwordField input'.</msg>
<msg time="2026-02-26T23:03:22.791016" level="INFO">Temporally setting log level to: NONE</msg>
<arg>css:.passwordField input</arg>
<arg>wrongpassword</arg>
<doc>Types the given password into the text field identified by ``locator``.</doc>
<status status="PASS" start="2026-02-26T23:03:22.773927" elapsed="0.056798"/>
</kw>
<kw name="Click Button" owner="SeleniumLibrary">
<msg time="2026-02-26T23:03:22.832240" level="INFO">Clicking button 'css:button[type="submit"]'.</msg>
<arg>css:button[type="submit"]</arg>
<doc>Clicks the button identified by ``locator``.</doc>
<status status="PASS" start="2026-02-26T23:03:22.831416" elapsed="0.090203"/>
</kw>
<kw name="Wait Until Element Is Visible" owner="SeleniumLibrary">
<arg>css:.toast, .toast-error, .error-message, .errorMessage</arg>
<arg>timeout=5s</arg>
<doc>Waits until the element ``locator`` is visible.</doc>
<status status="PASS" start="2026-02-26T23:03:22.922177" elapsed="0.874320"/>
</kw>
<kw name="Location Should Be" owner="SeleniumLibrary">
<msg time="2026-02-26T23:03:23.799057" level="INFO">Current location is 'http://localhost:5173/auth'.</msg>
<arg>${URL}/auth</arg>
<doc>Verifies that the current URL is exactly ``url``.</doc>
<status status="PASS" start="2026-02-26T23:03:23.796941" elapsed="0.002194"/>
</kw>
<doc>Test 2: Verifies error message appears.</doc>
<tag>Auth</tag>
<status status="PASS" start="2026-02-26T23:03:22.518028" elapsed="1.281375"/>
</test>
<test id="s1-s1-t3" name="Unauthorized Access" line="26">
<kw name="Execute Javascript" owner="SeleniumLibrary">
<msg time="2026-02-26T23:03:23.801381" level="INFO">Executing JavaScript:
window.localStorage.clear()
Without any arguments.</msg>
<arg>window.localStorage.clear()</arg>
<doc>Executes the given JavaScript code with possible arguments.</doc>
<status status="PASS" start="2026-02-26T23:03:23.800892" elapsed="0.004498"/>
</kw>
<kw name="Go To" owner="SeleniumLibrary">
<msg time="2026-02-26T23:03:23.805757" level="INFO">Opening url 'http://localhost:5173/profile'</msg>
<arg>${URL}/profile</arg>
<doc>Navigates the current browser window to the provided ``url``.</doc>
<status status="PASS" start="2026-02-26T23:03:23.805609" elapsed="0.195152"/>
</kw>
<kw name="Wait Until Location Is" owner="SeleniumLibrary">
<arg>${URL}/auth</arg>
<arg>timeout=5s</arg>
<doc>Waits until the current URL is ``expected``.</doc>
<status status="PASS" start="2026-02-26T23:03:24.001098" elapsed="0.008702"/>
</kw>
<kw name="Wait Until Element Is Visible" owner="SeleniumLibrary">
<arg>css:input[type="text"]</arg>
<arg>timeout=5s</arg>
<doc>Waits until the element ``locator`` is visible.</doc>
<status status="PASS" start="2026-02-26T23:03:24.010330" elapsed="0.046425"/>
</kw>
<doc>Test 3: Verify redirection when logged out.</doc>
<tag>Auth</tag>
<status status="PASS" start="2026-02-26T23:03:23.800302" elapsed="0.256925"/>
</test>
<kw name="Close Browser" owner="SeleniumLibrary" type="TEARDOWN">
<doc>Closes the current browser.</doc>
<status status="PASS" start="2026-02-26T23:03:24.059067" elapsed="3.097674"/>
</kw>
<doc>Suite for Authentication and Security</doc>
<status status="PASS" start="2026-02-26T23:03:12.816731" elapsed="14.340089"/>
</suite>
<suite id="s1-s2" name="GroupTests" source="C:\Users\Admill\Documents\GitHub\13_S1_8_vizsgaremek\Ends\Frontend\Tests\GroupTests.robot">
<kw name="Run Keywords" owner="BuiltIn" type="SETUP">
<kw name="Open Browser To Calentasker" owner="Resources">
<kw name="Open Browser" owner="SeleniumLibrary">
<msg time="2026-02-26T23:03:27.161123" level="INFO">Opening browser 'Firefox' to base url 'http://localhost:5173/auth'.</msg>
<arg>${URL}/${path}</arg>
<arg>${BROWSER}</arg>
<doc>Opens a new browser instance to the optional ``url``.</doc>
<status status="PASS" start="2026-02-26T23:03:27.160940" elapsed="7.781321"/>
</kw>
<kw name="Maximize Browser Window" owner="SeleniumLibrary">
<doc>Maximizes current browser window.</doc>
<status status="PASS" start="2026-02-26T23:03:34.942498" elapsed="0.291767"/>
</kw>
<kw name="Set Selenium Implicit Wait" owner="SeleniumLibrary">
<arg>5 seconds</arg>
<doc>Sets the implicit wait value used by Selenium.</doc>
<status status="PASS" start="2026-02-26T23:03:35.234525" elapsed="0.002189"/>
</kw>
<status status="PASS" start="2026-02-26T23:03:27.160765" elapsed="8.076077"/>
</kw>
<kw name="Login To System" owner="Resources">
<kw name="Go To" owner="SeleniumLibrary">
<msg time="2026-02-26T23:03:35.237411" level="INFO">Opening url 'http://localhost:5173/auth'</msg>
<arg>${URL}/auth</arg>
<doc>Navigates the current browser window to the provided ``url``.</doc>
<status status="PASS" start="2026-02-26T23:03:35.237272" elapsed="0.171963"/>
</kw>
<kw name="Wait Until Element Is Visible" owner="SeleniumLibrary">
<arg>css:input[type="text"]</arg>
<arg>timeout=10s</arg>
<doc>Waits until the element ``locator`` is visible.</doc>
<status status="PASS" start="2026-02-26T23:03:35.409403" elapsed="0.020206"/>
</kw>
<kw name="Input Text" owner="SeleniumLibrary">
<msg time="2026-02-26T23:03:35.429967" level="INFO">Typing text 'testuser1234' into text field 'css:input[type="text"]'.</msg>
<arg>css:input[type="text"]</arg>
<arg>${email}</arg>
<doc>Types the given ``text`` into the text field identified by ``locator``.</doc>
<status status="PASS" start="2026-02-26T23:03:35.429759" elapsed="0.037321"/>
</kw>
<kw name="Input Password" owner="SeleniumLibrary">
<msg time="2026-02-26T23:03:35.467504" level="INFO">Typing password into text field 'css:.passwordField input'.</msg>
<msg time="2026-02-26T23:03:35.473343" level="INFO">Temporally setting log level to: NONE</msg>
<arg>css:.passwordField input</arg>
<arg>${pass}</arg>
<doc>Types the given password into the text field identified by ``locator``.</doc>
<status status="PASS" start="2026-02-26T23:03:35.467264" elapsed="0.020539"/>
</kw>
<kw name="Click Button" owner="SeleniumLibrary">
<msg time="2026-02-26T23:03:35.488514" level="INFO">Clicking button 'css:button[type="submit"]'.</msg>
<arg>css:button[type="submit"]</arg>
<doc>Clicks the button identified by ``locator``.</doc>
<status status="PASS" start="2026-02-26T23:03:35.488118" elapsed="0.071611"/>
</kw>
<kw name="Wait Until Location Is" owner="SeleniumLibrary">
<arg>${URL}/profile</arg>
<arg>timeout=10s</arg>
<doc>Waits until the current URL is ``expected``.</doc>
<status status="PASS" start="2026-02-26T23:03:35.560109" elapsed="0.809495"/>
</kw>
<status status="PASS" start="2026-02-26T23:03:35.237031" elapsed="1.132808"/>
</kw>
<arg>Open Browser To Calentasker</arg>
<arg>AND</arg>
<arg>Login To System</arg>
<doc>Executes all the given keywords in a sequence.</doc>
<status status="PASS" start="2026-02-26T23:03:27.160361" elapsed="9.209563"/>
</kw>
<test id="s1-s2-t1" name="Create A Group" line="8">
<kw name="Go To" owner="SeleniumLibrary">
<msg time="2026-02-26T23:03:36.371047" level="INFO">Opening url 'http://localhost:5173/groups'</msg>
<arg>${URL}/groups</arg>
<doc>Navigates the current browser window to the provided ``url``.</doc>
<status status="PASS" start="2026-02-26T23:03:36.370807" elapsed="0.193852"/>
</kw>
<kw name="Wait And Click" owner="Resources">
<kw name="Wait Until Element Is Visible" owner="SeleniumLibrary">
<arg>${locator}</arg>
<arg>timeout=5s</arg>
<doc>Waits until the element ``locator`` is visible.</doc>
<status status="PASS" start="2026-02-26T23:03:36.565308" elapsed="0.018883"/>
</kw>
<kw name="Click Element" owner="SeleniumLibrary">
<msg time="2026-02-26T23:03:36.584707" level="INFO">Clicking element 'css:.createGroupBtn'.</msg>
<arg>${locator}</arg>
<doc>Click the element identified by ``locator``.</doc>
<status status="PASS" start="2026-02-26T23:03:36.584398" elapsed="0.063923"/>
</kw>
<arg>css:.createGroupBtn</arg>
<status status="PASS" start="2026-02-26T23:03:36.565009" elapsed="0.083418"/>
</kw>
<kw name="Wait Until Element Is Visible" owner="SeleniumLibrary">
<arg>css:.modalContent</arg>
<arg>timeout=5s</arg>
<doc>Waits until the element ``locator`` is visible.</doc>
<status status="PASS" start="2026-02-26T23:03:36.648758" elapsed="0.010032"/>
</kw>
<kw name="Input Text" owner="SeleniumLibrary">
<msg time="2026-02-26T23:03:36.659308" level="INFO">Typing text 'New Automated Group' into text field 'id:groupTitle'.</msg>
<arg>id:groupTitle</arg>
<arg>New Automated Group</arg>
<doc>Types the given ``text`` into the text field identified by ``locator``.</doc>
<status status="PASS" start="2026-02-26T23:03:36.659100" elapsed="0.028795"/>
</kw>
<kw name="Input Text" owner="SeleniumLibrary">
<msg time="2026-02-26T23:03:36.688302" level="INFO">Typing text 'This is a test group' into text field 'id:groupDescription'.</msg>
<arg>id:groupDescription</arg>
<arg>This is a test group</arg>
<doc>Types the given ``text`` into the text field identified by ``locator``.</doc>
<status status="PASS" start="2026-02-26T23:03:36.688130" elapsed="0.034457"/>
</kw>
<kw name="Wait And Click" owner="Resources">
<kw name="Wait Until Element Is Visible" owner="SeleniumLibrary">
<arg>${locator}</arg>
<arg>timeout=5s</arg>
<doc>Waits until the element ``locator`` is visible.</doc>
<status status="PASS" start="2026-02-26T23:03:36.724976" elapsed="0.074778"/>
</kw>
<kw name="Click Element" owner="SeleniumLibrary">
<msg time="2026-02-26T23:03:36.800487" level="INFO">Clicking element 'css:.createBtn'.</msg>
<arg>${locator}</arg>
<doc>Click the element identified by ``locator``.</doc>
<status status="PASS" start="2026-02-26T23:03:36.800109" elapsed="0.071778"/>
</kw>
<arg>css:.createBtn</arg>
<status status="PASS" start="2026-02-26T23:03:36.724528" elapsed="0.147565"/>
</kw>
<kw name="Wait Until Page Contains" owner="SeleniumLibrary">
<arg>New Automated Group</arg>
<arg>timeout=5s</arg>
<doc>Waits until ``text`` appears on the current page.</doc>
<status status="PASS" start="2026-02-26T23:03:36.872535" elapsed="0.007029"/>
</kw>
<doc>Test 8: Verify group creation modal.</doc>
<tag>Group</tag>
<status status="PASS" start="2026-02-26T23:03:36.370049" elapsed="0.509923"/>
</test>
<test id="s1-s2-t2" name="Search For Users" line="19">
<kw name="Go To" owner="SeleniumLibrary">
<msg time="2026-02-26T23:03:36.881792" level="INFO">Opening url 'http://localhost:5173/groups'</msg>
<arg>${URL}/groups</arg>
<doc>Navigates the current browser window to the provided ``url``.</doc>
<status status="PASS" start="2026-02-26T23:03:36.881537" elapsed="0.207703"/>
</kw>
<kw name="Wait And Click" owner="Resources">
<kw name="Wait Until Element Is Visible" owner="SeleniumLibrary">
<arg>${locator}</arg>
<arg>timeout=5s</arg>
<doc>Waits until the element ``locator`` is visible.</doc>
<status status="PASS" start="2026-02-26T23:03:37.089976" elapsed="0.057817"/>
</kw>
<kw name="Click Element" owner="SeleniumLibrary">
<msg time="2026-02-26T23:03:37.148400" level="INFO">Clicking element 'css:.listGroupItem'.</msg>
<arg>${locator}</arg>
<doc>Click the element identified by ``locator``.</doc>
<status status="PASS" start="2026-02-26T23:03:37.148075" elapsed="0.071288"/>
</kw>
<arg>css:.listGroupItem</arg>
<status status="PASS" start="2026-02-26T23:03:37.089608" elapsed="0.129935"/>
</kw>
<kw name="Wait Until Element Is Visible" owner="SeleniumLibrary">
<arg>css:.user-search-container</arg>
<arg>timeout=5s</arg>
<doc>Waits until the element ``locator`` is visible.</doc>
<status status="PASS" start="2026-02-26T23:03:37.219820" elapsed="0.014573"/>
</kw>
<kw name="Input Text" owner="SeleniumLibrary">
<msg time="2026-02-26T23:03:37.235322" level="INFO">Typing text 'testuser' into text field 'css:.search-input'.</msg>
<arg>css:.search-input</arg>
<arg>testuser</arg>
<doc>Types the given ``text`` into the text field identified by ``locator``.</doc>
<status status="PASS" start="2026-02-26T23:03:37.234808" elapsed="0.028633"/>
</kw>
<kw name="Wait Until Element Is Visible" owner="SeleniumLibrary">
<arg>css:.result-item</arg>
<arg>timeout=5s</arg>
<doc>Waits until the element ``locator`` is visible.</doc>
<status status="PASS" start="2026-02-26T23:03:37.264191" elapsed="0.318703"/>
</kw>
<kw name="Page Should Contain" owner="SeleniumLibrary">
<msg time="2026-02-26T23:03:37.590092" level="INFO">Current page contains text 'testuser'.</msg>
<arg>testuser</arg>
<doc>Verifies that current page contains ``text``.</doc>
<status status="PASS" start="2026-02-26T23:03:37.583139" elapsed="0.007040"/>
</kw>
<doc>Test 9: Verify user search filtering.</doc>
<tag>Group</tag>
<status status="PASS" start="2026-02-26T23:03:36.880908" elapsed="0.709469"/>
</test>
<kw name="Close Browser" owner="SeleniumLibrary" type="TEARDOWN">
<doc>Closes the current browser.</doc>
<status status="PASS" start="2026-02-26T23:03:37.591201" elapsed="2.934600"/>
</kw>
<doc>Suite for Group Collaboration</doc>
<status status="PASS" start="2026-02-26T23:03:27.157844" elapsed="13.368032"/>
</suite>
<suite id="s1-s3" name="SettingsUI" source="C:\Users\Admill\Documents\GitHub\13_S1_8_vizsgaremek\Ends\Frontend\Tests\SettingsUI.robot">
<kw name="Run Keywords" owner="BuiltIn" type="SETUP">
<kw name="Open Browser To Calentasker" owner="Resources">
<kw name="Open Browser" owner="SeleniumLibrary">
<msg time="2026-02-26T23:03:40.530865" level="INFO">Opening browser 'Firefox' to base url 'http://localhost:5173/auth'.</msg>
<arg>${URL}/${path}</arg>
<arg>${BROWSER}</arg>
<doc>Opens a new browser instance to the optional ``url``.</doc>
<status status="PASS" start="2026-02-26T23:03:40.530676" elapsed="7.837002"/>
</kw>
<kw name="Maximize Browser Window" owner="SeleniumLibrary">
<doc>Maximizes current browser window.</doc>
<status status="PASS" start="2026-02-26T23:03:48.367892" elapsed="0.295953"/>
</kw>
<kw name="Set Selenium Implicit Wait" owner="SeleniumLibrary">
<arg>5 seconds</arg>
<doc>Sets the implicit wait value used by Selenium.</doc>
<status status="PASS" start="2026-02-26T23:03:48.664163" elapsed="0.002297"/>
</kw>
<status status="PASS" start="2026-02-26T23:03:40.530338" elapsed="8.136236"/>
</kw>
<kw name="Login To System" owner="Resources">
<kw name="Go To" owner="SeleniumLibrary">
<msg time="2026-02-26T23:03:48.667140" level="INFO">Opening url 'http://localhost:5173/auth'</msg>
<arg>${URL}/auth</arg>
<doc>Navigates the current browser window to the provided ``url``.</doc>
<status status="PASS" start="2026-02-26T23:03:48.667019" elapsed="0.164970"/>
</kw>
<kw name="Wait Until Element Is Visible" owner="SeleniumLibrary">
<arg>css:input[type="text"]</arg>
<arg>timeout=10s</arg>
<doc>Waits until the element ``locator`` is visible.</doc>
<status status="PASS" start="2026-02-26T23:03:48.832204" elapsed="0.020737"/>
</kw>
<kw name="Input Text" owner="SeleniumLibrary">
<msg time="2026-02-26T23:03:48.853293" level="INFO">Typing text 'testuser1234' into text field 'css:input[type="text"]'.</msg>
<arg>css:input[type="text"]</arg>
<arg>${email}</arg>
<doc>Types the given ``text`` into the text field identified by ``locator``.</doc>
<status status="PASS" start="2026-02-26T23:03:48.853087" elapsed="0.036042"/>
</kw>
<kw name="Input Password" owner="SeleniumLibrary">
<msg time="2026-02-26T23:03:48.889493" level="INFO">Typing password into text field 'css:.passwordField input'.</msg>
<msg time="2026-02-26T23:03:48.895449" level="INFO">Temporally setting log level to: NONE</msg>
<arg>css:.passwordField input</arg>
<arg>${pass}</arg>
<doc>Types the given password into the text field identified by ``locator``.</doc>
<status status="PASS" start="2026-02-26T23:03:48.889280" elapsed="0.019716"/>
</kw>
<kw name="Click Button" owner="SeleniumLibrary">
<msg time="2026-02-26T23:03:48.909318" level="INFO">Clicking button 'css:button[type="submit"]'.</msg>
<arg>css:button[type="submit"]</arg>
<doc>Clicks the button identified by ``locator``.</doc>
<status status="PASS" start="2026-02-26T23:03:48.909145" elapsed="0.071260"/>
</kw>
<kw name="Wait Until Location Is" owner="SeleniumLibrary">
<arg>${URL}/profile</arg>
<arg>timeout=10s</arg>
<doc>Waits until the current URL is ``expected``.</doc>
<status status="PASS" start="2026-02-26T23:03:48.980736" elapsed="0.812140"/>
</kw>
<status status="PASS" start="2026-02-26T23:03:48.666774" elapsed="1.126252"/>
</kw>
<arg>Open Browser To Calentasker</arg>
<arg>AND</arg>
<arg>Login To System</arg>
<doc>Executes all the given keywords in a sequence.</doc>
<status status="PASS" start="2026-02-26T23:03:40.529582" elapsed="9.263508"/>
</kw>
<test id="s1-s3-t1" name="Update Profile" line="8">
<kw name="Go To" owner="SeleniumLibrary">
<msg time="2026-02-26T23:03:49.794302" level="INFO">Opening url 'http://localhost:5173/profile'</msg>
<arg>${URL}/profile</arg>
<doc>Navigates the current browser window to the provided ``url``.</doc>
<status status="PASS" start="2026-02-26T23:03:49.793885" elapsed="0.211636"/>
</kw>
<kw name="Wait And Click" owner="Resources">
<kw name="Wait Until Element Is Visible" owner="SeleniumLibrary">
<arg>${locator}</arg>
<arg>timeout=5s</arg>
<doc>Waits until the element ``locator`` is visible.</doc>
<status status="PASS" start="2026-02-26T23:03:50.006786" elapsed="0.020304"/>
</kw>
<kw name="Click Element" owner="SeleniumLibrary">
<msg time="2026-02-26T23:03:50.027449" level="INFO">Clicking element 'css:.editBtn'.</msg>
<arg>${locator}</arg>
<doc>Click the element identified by ``locator``.</doc>
<status status="PASS" start="2026-02-26T23:03:50.027246" elapsed="0.062255"/>
</kw>
<arg>css:.editBtn</arg>
<status status="PASS" start="2026-02-26T23:03:50.006294" elapsed="0.083306"/>
</kw>
<kw name="Wait Until Element Is Visible" owner="SeleniumLibrary">
<arg>css:.editInput</arg>
<arg>timeout=5s</arg>
<doc>Waits until the element ``locator`` is visible.</doc>
<status status="PASS" start="2026-02-26T23:03:50.089789" elapsed="0.007699"/>
</kw>
<kw name="Input Text" owner="SeleniumLibrary">
<msg time="2026-02-26T23:03:50.097906" level="INFO">Typing text 'UpdatedName' into text field 'css:.editInput'.</msg>
<arg>css:.editInput</arg>
<arg>UpdatedName</arg>
<doc>Types the given ``text`` into the text field identified by ``locator``.</doc>
<status status="PASS" start="2026-02-26T23:03:50.097724" elapsed="0.019222"/>
</kw>
<kw name="Click Button" owner="SeleniumLibrary">
<msg time="2026-02-26T23:03:50.117331" level="INFO">Clicking button 'css:.saveBtn'.</msg>
<arg>css:.saveBtn</arg>
<doc>Clicks the button identified by ``locator``.</doc>
<status status="PASS" start="2026-02-26T23:03:50.117164" elapsed="0.077547"/>
</kw>
<kw name="Wait For Toast" owner="Resources">
<kw name="Wait Until Page Contains" owner="SeleniumLibrary">
<arg>${text}</arg>
<arg>timeout=5s</arg>
<doc>Waits until ``text`` appears on the current page.</doc>
<status status="PASS" start="2026-02-26T23:03:50.195522" elapsed="0.007038"/>
</kw>
<arg>Success</arg>
<status status="PASS" start="2026-02-26T23:03:50.195078" elapsed="0.007658"/>
</kw>
<kw name="Wait And Click" owner="Resources">
<kw name="Wait Until Element Is Visible" owner="SeleniumLibrary">
<arg>${locator}</arg>
<arg>timeout=5s</arg>
<doc>Waits until the element ``locator`` is visible.</doc>
<status status="PASS" start="2026-02-26T23:03:50.203360" elapsed="0.011565"/>
</kw>
<kw name="Click Element" owner="SeleniumLibrary">
<msg time="2026-02-26T23:03:50.215487" level="INFO">Clicking element 'css:.editBtn'.</msg>
<arg>${locator}</arg>
<doc>Click the element identified by ``locator``.</doc>
<status status="PASS" start="2026-02-26T23:03:50.215197" elapsed="0.069499"/>
</kw>
<arg>css:.editBtn</arg>
<status status="PASS" start="2026-02-26T23:03:50.203069" elapsed="0.081742"/>
</kw>
<kw name="Wait Until Element Is Visible" owner="SeleniumLibrary">
<arg>css:.editInput</arg>
<arg>timeout=5s</arg>
<doc>Waits until the element ``locator`` is visible.</doc>
<status status="PASS" start="2026-02-26T23:03:50.285101" elapsed="0.015898"/>
</kw>
<kw name="Input Text" owner="SeleniumLibrary">
<msg time="2026-02-26T23:03:50.302025" level="INFO">Typing text 'testuser1234' into text field 'css:.editInput'.</msg>
<arg>css:.editInput</arg>
<arg>testuser1234</arg>
<doc>Types the given ``text`` into the text field identified by ``locator``.</doc>
<status status="PASS" start="2026-02-26T23:03:50.301475" elapsed="0.035792"/>
</kw>
<kw name="Click Button" owner="SeleniumLibrary">
<msg time="2026-02-26T23:03:50.337997" level="INFO">Clicking button 'css:.saveBtn'.</msg>
<arg>css:.saveBtn</arg>
<doc>Clicks the button identified by ``locator``.</doc>
<status status="PASS" start="2026-02-26T23:03:50.337780" elapsed="0.077878"/>
</kw>
<kw name="Wait For Toast" owner="Resources">
<kw name="Wait Until Page Contains" owner="SeleniumLibrary">
<arg>${text}</arg>
<arg>timeout=5s</arg>
<doc>Waits until ``text`` appears on the current page.</doc>
<status status="PASS" start="2026-02-26T23:03:50.417600" elapsed="0.003886"/>
</kw>
<arg>Success</arg>
<status status="PASS" start="2026-02-26T23:03:50.415949" elapsed="0.005638"/>
</kw>
<doc>Test 10: Change info and verify Success Toast.</doc>
<tag>Profile</tag>
<status status="PASS" start="2026-02-26T23:03:49.793184" elapsed="0.628599"/>
</test>
<test id="s1-s3-t2" name="Language Switcher" line="25">
<kw name="Go To" owner="SeleniumLibrary">
<msg time="2026-02-26T23:03:50.422690" level="INFO">Opening url 'http://localhost:5173/tasks'</msg>
<arg>${URL}/tasks</arg>
<doc>Navigates the current browser window to the provided ``url``.</doc>
<status status="PASS" start="2026-02-26T23:03:50.422534" elapsed="0.168067"/>
</kw>
<kw name="Wait And Click" owner="Resources">
<kw name="Wait Until Element Is Visible" owner="SeleniumLibrary">
<arg>${locator}</arg>
<arg>timeout=5s</arg>
<doc>Waits until the element ``locator`` is visible.</doc>
<status status="PASS" start="2026-02-26T23:03:50.591117" elapsed="0.072762"/>
</kw>
<kw name="Click Element" owner="SeleniumLibrary">
<msg time="2026-02-26T23:03:50.665381" level="INFO">Clicking element 'css:.langBtn'.</msg>
<arg>${locator}</arg>
<doc>Click the element identified by ``locator``.</doc>
<status status="PASS" start="2026-02-26T23:03:50.664800" elapsed="0.106602"/>
</kw>
<arg>css:.langBtn</arg>
<status status="PASS" start="2026-02-26T23:03:50.590872" elapsed="0.180640"/>
</kw>
<kw name="Wait Until Page Contains" owner="SeleniumLibrary">
<arg>Feladatok</arg>
<arg>timeout=10s</arg>
<doc>Waits until ``text`` appears on the current page.</doc>
<status status="PASS" start="2026-02-26T23:03:50.771955" elapsed="0.007776"/>
</kw>
<doc>Test 11: Verify i18n changes text to Hungarian.</doc>
<tag>i18n</tag>
<status status="PASS" start="2026-02-26T23:03:50.422156" elapsed="0.358125"/>
</test>
<test id="s1-s3-t3" name="Logout Flow" line="32">
<kw name="Wait And Click" owner="Resources">
<kw name="Wait Until Element Is Visible" owner="SeleniumLibrary">
<arg>${locator}</arg>
<arg>timeout=5s</arg>
<doc>Waits until the element ``locator`` is visible.</doc>
<status status="PASS" start="2026-02-26T23:03:50.784257" elapsed="0.027059"/>
</kw>
<kw name="Click Element" owner="SeleniumLibrary">
<msg time="2026-02-26T23:03:50.813297" level="INFO">Clicking element 'css:.logoutBtn'.</msg>
<arg>${locator}</arg>
<doc>Click the element identified by ``locator``.</doc>
<status status="PASS" start="2026-02-26T23:03:50.812419" elapsed="0.105916"/>
</kw>
<arg>css:.logoutBtn</arg>
<status status="PASS" start="2026-02-26T23:03:50.783102" elapsed="0.135440"/>
</kw>
<kw name="Wait Until Location Is" owner="SeleniumLibrary">
<arg>${URL}/auth</arg>
<arg>timeout=5s</arg>
<doc>Waits until the current URL is ``expected``.</doc>
<status status="PASS" start="2026-02-26T23:03:50.918908" elapsed="0.005925"/>
</kw>
<kw name="Go To" owner="SeleniumLibrary">
<msg time="2026-02-26T23:03:50.925643" level="INFO">Opening url 'http://localhost:5173/tasks'</msg>
<arg>${URL}/tasks</arg>
<doc>Navigates the current browser window to the provided ``url``.</doc>
<status status="PASS" start="2026-02-26T23:03:50.925320" elapsed="0.206326"/>
</kw>
<kw name="Location Should Be" owner="SeleniumLibrary">
<msg time="2026-02-26T23:03:51.135492" level="INFO">Current location is 'http://localhost:5173/auth'.</msg>
<arg>${URL}/auth</arg>
<doc>Verifies that the current URL is exactly ``url``.</doc>
<status status="PASS" start="2026-02-26T23:03:51.131973" elapsed="0.003613"/>
</kw>
<doc>Test 12: Verify session clear and redirect.</doc>
<tag>Auth</tag>
<status status="PASS" start="2026-02-26T23:03:50.781853" elapsed="0.353990"/>
</test>
<kw name="Close Browser" owner="SeleniumLibrary" type="TEARDOWN">
<doc>Closes the current browser.</doc>
<status status="PASS" start="2026-02-26T23:03:51.136635" elapsed="3.030259"/>
</kw>
<doc>Suite for User Profile &amp; Localization</doc>
<status status="PASS" start="2026-02-26T23:03:40.526950" elapsed="13.640026"/>
</suite>
<suite id="s1-s4" name="TaskTests" source="C:\Users\Admill\Documents\GitHub\13_S1_8_vizsgaremek\Ends\Frontend\Tests\TaskTests.robot">
<kw name="Run Keywords" owner="BuiltIn" type="SETUP">
<kw name="Open Browser To Calentasker" owner="Resources">
<kw name="Open Browser" owner="SeleniumLibrary">
<msg time="2026-02-26T23:03:54.171936" level="INFO">Opening browser 'Firefox' to base url 'http://localhost:5173/auth'.</msg>
<arg>${URL}/${path}</arg>
<arg>${BROWSER}</arg>
<doc>Opens a new browser instance to the optional ``url``.</doc>
<status status="PASS" start="2026-02-26T23:03:54.171739" elapsed="7.793571"/>
</kw>
<kw name="Maximize Browser Window" owner="SeleniumLibrary">
<doc>Maximizes current browser window.</doc>
<status status="PASS" start="2026-02-26T23:04:01.965643" elapsed="0.303074"/>
</kw>
<kw name="Set Selenium Implicit Wait" owner="SeleniumLibrary">
<arg>5 seconds</arg>
<doc>Sets the implicit wait value used by Selenium.</doc>
<status status="PASS" start="2026-02-26T23:04:02.269010" elapsed="0.002202"/>
</kw>
<status status="PASS" start="2026-02-26T23:03:54.171514" elapsed="8.099812"/>
</kw>
<kw name="Login To System" owner="Resources">
<kw name="Go To" owner="SeleniumLibrary">
<msg time="2026-02-26T23:04:02.272450" level="INFO">Opening url 'http://localhost:5173/auth'</msg>
<arg>${URL}/auth</arg>
<doc>Navigates the current browser window to the provided ``url``.</doc>
<status status="PASS" start="2026-02-26T23:04:02.272199" elapsed="0.206940"/>
</kw>
<kw name="Wait Until Element Is Visible" owner="SeleniumLibrary">
<arg>css:input[type="text"]</arg>
<arg>timeout=10s</arg>
<doc>Waits until the element ``locator`` is visible.</doc>
<status status="PASS" start="2026-02-26T23:04:02.479293" elapsed="0.048200"/>
</kw>
<kw name="Input Text" owner="SeleniumLibrary">
<msg time="2026-02-26T23:04:02.528612" level="INFO">Typing text 'testuser1234' into text field 'css:input[type="text"]'.</msg>
<arg>css:input[type="text"]</arg>
<arg>${email}</arg>
<doc>Types the given ``text`` into the text field identified by ``locator``.</doc>
<status status="PASS" start="2026-02-26T23:04:02.527931" elapsed="0.061872"/>
</kw>
<kw name="Input Password" owner="SeleniumLibrary">
<msg time="2026-02-26T23:04:02.590466" level="INFO">Typing password into text field 'css:.passwordField input'.</msg>
<msg time="2026-02-26T23:04:02.627804" level="INFO">Temporally setting log level to: NONE</msg>
<arg>css:.passwordField input</arg>
<arg>${pass}</arg>
<doc>Types the given password into the text field identified by ``locator``.</doc>
<status status="PASS" start="2026-02-26T23:04:02.590024" elapsed="0.063035"/>
</kw>
<kw name="Click Button" owner="SeleniumLibrary">
<msg time="2026-02-26T23:04:02.653652" level="INFO">Clicking button 'css:button[type="submit"]'.</msg>
<arg>css:button[type="submit"]</arg>
<doc>Clicks the button identified by ``locator``.</doc>
<status status="PASS" start="2026-02-26T23:04:02.653315" elapsed="0.093812"/>
</kw>
<kw name="Wait Until Location Is" owner="SeleniumLibrary">
<arg>${URL}/profile</arg>
<arg>timeout=10s</arg>
<doc>Waits until the current URL is ``expected``.</doc>
<status status="PASS" start="2026-02-26T23:04:02.747433" elapsed="1.014205"/>
</kw>
<status status="PASS" start="2026-02-26T23:04:02.271649" elapsed="1.490117"/>
</kw>
<arg>Open Browser To Calentasker</arg>
<arg>AND</arg>
<arg>Login To System</arg>
<doc>Executes all the given keywords in a sequence.</doc>
<status status="PASS" start="2026-02-26T23:03:54.171020" elapsed="9.590825"/>
</kw>
<test id="s1-s4-t1" name="Create A New Task" line="8">
<kw name="Go To" owner="SeleniumLibrary">
<msg time="2026-02-26T23:04:03.762629" level="INFO">Opening url 'http://localhost:5173/tasks'</msg>
<arg>${URL}/tasks</arg>
<doc>Navigates the current browser window to the provided ``url``.</doc>
<status status="PASS" start="2026-02-26T23:04:03.762464" elapsed="0.188419"/>
</kw>
<kw name="Wait And Click" owner="Resources">
<kw name="Wait Until Element Is Visible" owner="SeleniumLibrary">
<arg>${locator}</arg>
<arg>timeout=5s</arg>
<doc>Waits until the element ``locator`` is visible.</doc>
<status status="PASS" start="2026-02-26T23:04:03.951492" elapsed="0.041434"/>
</kw>
<kw name="Click Element" owner="SeleniumLibrary">
<msg time="2026-02-26T23:04:03.993367" level="INFO">Clicking element 'css:.btnNewTask'.</msg>
<arg>${locator}</arg>
<doc>Click the element identified by ``locator``.</doc>
<status status="PASS" start="2026-02-26T23:04:03.993104" elapsed="0.117131"/>
</kw>
<arg>css:.btnNewTask</arg>
<status status="PASS" start="2026-02-26T23:04:03.951185" elapsed="0.159226"/>
</kw>
<kw name="Wait Until Element Is Visible" owner="SeleniumLibrary">
<arg>css:.modalContent</arg>
<arg>timeout=5s</arg>
<doc>Waits until the element ``locator`` is visible.</doc>
<status status="PASS" start="2026-02-26T23:04:04.110815" elapsed="0.011598"/>
</kw>
<kw name="Input Text" owner="SeleniumLibrary">
<msg time="2026-02-26T23:04:04.123614" level="INFO">Typing text 'New Automated Task' into text field 'css:.formGroup input[type="text"]'.</msg>
<arg>css:.formGroup input[type="text"]</arg>
<arg>New Automated Task</arg>
<doc>Types the given ``text`` into the text field identified by ``locator``.</doc>
<status status="PASS" start="2026-02-26T23:04:04.123129" elapsed="0.038718"/>
</kw>
<kw name="Wait And Click" owner="Resources">
<kw name="Wait Until Element Is Visible" owner="SeleniumLibrary">
<arg>${locator}</arg>
<arg>timeout=5s</arg>
<doc>Waits until the element ``locator`` is visible.</doc>
<status status="PASS" start="2026-02-26T23:04:04.162903" elapsed="0.014407"/>
</kw>
<kw name="Click Element" owner="SeleniumLibrary">
<msg time="2026-02-26T23:04:04.178465" level="INFO">Clicking element 'css:.date-input'.</msg>
<arg>${locator}</arg>
<doc>Click the element identified by ``locator``.</doc>
<status status="PASS" start="2026-02-26T23:04:04.177783" elapsed="0.081983"/>
</kw>
<arg>css:.date-input</arg>
<status status="PASS" start="2026-02-26T23:04:04.162335" elapsed="0.097546"/>
</kw>
<kw name="Wait And Click" owner="Resources">
<kw name="Wait Until Element Is Visible" owner="SeleniumLibrary">
<arg>${locator}</arg>
<arg>timeout=5s</arg>
<doc>Waits until the element ``locator`` is visible.</doc>
<status status="PASS" start="2026-02-26T23:04:04.260598" elapsed="0.013390"/>
</kw>
<kw name="Click Element" owner="SeleniumLibrary">
<msg time="2026-02-26T23:04:04.274412" level="INFO">Clicking element 'css:.day-cell.today'.</msg>
<arg>${locator}</arg>
<doc>Click the element identified by ``locator``.</doc>
<status status="PASS" start="2026-02-26T23:04:04.274172" elapsed="0.069321"/>
</kw>
<arg>css:.day-cell.today</arg>
<status status="PASS" start="2026-02-26T23:04:04.260268" elapsed="0.083784"/>
</kw>
<kw name="Click Button" owner="SeleniumLibrary">
<msg time="2026-02-26T23:04:04.344778" level="INFO">Clicking button 'css:.btnCreate'.</msg>
<arg>css:.btnCreate</arg>
<doc>Clicks the button identified by ``locator``.</doc>
<status status="PASS" start="2026-02-26T23:04:04.344559" elapsed="0.079002"/>
</kw>
<kw name="Wait For Toast" owner="Resources">
<kw name="Wait Until Page Contains" owner="SeleniumLibrary">
<arg>${text}</arg>
<arg>timeout=5s</arg>
<doc>Waits until ``text`` appears on the current page.</doc>
<status status="PASS" start="2026-02-26T23:04:04.424699" elapsed="0.024356"/>
</kw>
<arg>New Automated Task</arg>
<status status="PASS" start="2026-02-26T23:04:04.424150" elapsed="0.025094"/>
</kw>
<doc>Test 4: Open CreateTaskModal, fill form, verify update.</doc>
<tag>Task</tag>
<status status="PASS" start="2026-02-26T23:04:03.761931" elapsed="0.687893"/>
</test>
<test id="s1-s4-t2" name="Task Detail View" line="20">
<kw name="Go To" owner="SeleniumLibrary">
<msg time="2026-02-26T23:04:04.451581" level="INFO">Opening url 'http://localhost:5173/tasks'</msg>
<arg>${URL}/tasks</arg>
<doc>Navigates the current browser window to the provided ``url``.</doc>
<status status="PASS" start="2026-02-26T23:04:04.451349" elapsed="0.206596"/>
</kw>
<kw name="Wait Until Element Is Visible" owner="SeleniumLibrary">
<arg>css:.fadeInItem</arg>
<arg>timeout=5s</arg>
<doc>Waits until the element ``locator`` is visible.</doc>
<status status="PASS" start="2026-02-26T23:04:04.658201" elapsed="0.093388"/>
</kw>
<kw name="Wait And Click" owner="Resources">
<kw name="Wait Until Element Is Visible" owner="SeleniumLibrary">
<arg>${locator}</arg>
<arg>timeout=5s</arg>
<doc>Waits until the element ``locator`` is visible.</doc>
<status status="PASS" start="2026-02-26T23:04:04.752447" elapsed="0.023962"/>
</kw>
<kw name="Click Element" owner="SeleniumLibrary">
<msg time="2026-02-26T23:04:04.776838" level="INFO">Clicking element 'css:.fadeInItem .viewBtn'.</msg>
<arg>${locator}</arg>
<doc>Click the element identified by ``locator``.</doc>
<status status="PASS" start="2026-02-26T23:04:04.776606" elapsed="0.143599"/>
</kw>
<arg>css:.fadeInItem .viewBtn</arg>
<status status="PASS" start="2026-02-26T23:04:04.752073" elapsed="0.168264"/>
</kw>
<kw name="Wait Until Element Is Visible" owner="SeleniumLibrary">
<arg>css:.modal-content</arg>
<arg>timeout=10s</arg>
<doc>Waits until the element ``locator`` is visible.</doc>
<status status="PASS" start="2026-02-26T23:04:04.920676" elapsed="0.019225"/>
</kw>
<kw name="Page Should Contain Element" owner="SeleniumLibrary">
<msg time="2026-02-26T23:04:04.959422" level="INFO">Current page contains element 'css:.title-row h2'.</msg>
<arg>css:.title-row h2</arg>
<doc>Verifies that element ``locator`` is found on the current page.</doc>
<status status="PASS" start="2026-02-26T23:04:04.940192" elapsed="0.019376"/>
</kw>
<doc>Test 5: Click a task and verify detail modal.</doc>
<tag>Task</tag>
<status status="PASS" start="2026-02-26T23:04:04.450769" elapsed="0.509127"/>
</test>
<test id="s1-s4-t3" name="Calendar Toggle" line="29">
<kw name="Go To" owner="SeleniumLibrary">
<msg time="2026-02-26T23:04:04.962905" level="INFO">Opening url 'http://localhost:5173/tasks'</msg>
<arg>${URL}/tasks</arg>
<doc>Navigates the current browser window to the provided ``url``.</doc>
<status status="PASS" start="2026-02-26T23:04:04.962538" elapsed="0.211495"/>
</kw>
<kw name="Wait Until Element Is Visible" owner="SeleniumLibrary">
<arg>css:.tasksArea</arg>
<arg>timeout=5s</arg>
<doc>Waits until the element ``locator`` is visible.</doc>
<status status="PASS" start="2026-02-26T23:04:05.174292" elapsed="0.034789"/>
</kw>
<kw name="Run Keyword And Ignore Error" owner="BuiltIn">
<kw name="Click Button" owner="SeleniumLibrary">
<msg time="2026-02-26T23:04:05.210240" level="INFO">Clicking button 'xpath://button[contains(., 'Calendar')]'.</msg>
<msg time="2026-02-26T23:04:05.338410" level="INFO" html="true">&lt;/td&gt;&lt;/tr&gt;&lt;tr&gt;&lt;td colspan="3"&gt;&lt;a href="selenium-screenshot-59.png"&gt;&lt;img src="selenium-screenshot-59.png" width="800px"&gt;&lt;/a&gt;</msg>
<msg time="2026-02-26T23:04:05.338665" level="FAIL">ElementNotInteractableException: Message: Element &lt;button class="control-btn mobile-only"&gt; could not be scrolled into view; For documentation on this error, please visit: https://www.selenium.dev/documentation/webdriver/troubleshooting/errors#elementnotinteractableexception
Stacktrace:
RemoteError@chrome://remote/content/shared/RemoteError.sys.mjs:8:8
WebDriverError@chrome://remote/content/shared/webdriver/Errors.sys.mjs:202:5
ElementNotInteractableError@chrome://remote/content/shared/webdriver/Errors.sys.mjs:371:5
webdriverClickElement@chrome://remote/content/marionette/interaction.sys.mjs:165:11
interaction.clickElement@chrome://remote/content/marionette/interaction.sys.mjs:134:11
clickElement@chrome://remote/content/marionette/actors/MarionetteCommandsChild.sys.mjs:331:29
receiveMessage@chrome://remote/content/marionette/actors/MarionetteCommandsChild.sys.mjs:210:31
</msg>
<arg>xpath://button[contains(., 'Calendar')]</arg>
<doc>Clicks the button identified by ``locator``.</doc>
<status status="FAIL" start="2026-02-26T23:04:05.209949" elapsed="0.134951">ElementNotInteractableException: Message: Element &lt;button class="control-btn mobile-only"&gt; could not be scrolled into view; For documentation on this error, please visit: https://www.selenium.dev/documentation/webdriver/troubleshooting/errors#elementnotinteractableexception
Stacktrace:
RemoteError@chrome://remote/content/shared/RemoteError.sys.mjs:8:8
WebDriverError@chrome://remote/content/shared/webdriver/Errors.sys.mjs:202:5
ElementNotInteractableError@chrome://remote/content/shared/webdriver/Errors.sys.mjs:371:5
webdriverClickElement@chrome://remote/content/marionette/interaction.sys.mjs:165:11
interaction.clickElement@chrome://remote/content/marionette/interaction.sys.mjs:134:11
clickElement@chrome://remote/content/marionette/actors/MarionetteCommandsChild.sys.mjs:331:29
receiveMessage@chrome://remote/content/marionette/actors/MarionetteCommandsChild.sys.mjs:210:31
</status>
</kw>
<arg>Click Button</arg>
<arg>xpath://button[contains(., 'Calendar')]</arg>
<doc>Runs the given keyword with the given arguments and ignores possible error.</doc>
<status status="PASS" start="2026-02-26T23:04:05.209422" elapsed="0.135640"/>
</kw>
<kw name="Wait Until Element Is Visible" owner="SeleniumLibrary">
<arg>css:.calendarArea, .calendar-grid</arg>
<arg>timeout=5s</arg>
<doc>Waits until the element ``locator`` is visible.</doc>
<status status="PASS" start="2026-02-26T23:04:05.345542" elapsed="0.052189"/>
</kw>
<doc>Test 6: Verify calendar component is visible.</doc>
<tag>Task</tag>
<status status="PASS" start="2026-02-26T23:04:04.961218" elapsed="0.437196"/>
</test>
<test id="s1-s4-t4" name="Delete Task" line="38">
<kw name="Go To" owner="SeleniumLibrary">
<msg time="2026-02-26T23:04:05.400786" level="INFO">Opening url 'http://localhost:5173/tasks'</msg>
<arg>${URL}/tasks</arg>
<doc>Navigates the current browser window to the provided ``url``.</doc>
<status status="PASS" start="2026-02-26T23:04:05.400500" elapsed="0.253239"/>
</kw>
<kw name="Wait Until Element Is Visible" owner="SeleniumLibrary">
<arg>css:.fadeInItem</arg>
<arg>timeout=5s</arg>
<doc>Waits until the element ``locator`` is visible.</doc>
<status status="PASS" start="2026-02-26T23:04:05.654279" elapsed="0.156137"/>
</kw>
<kw name="Wait And Click" owner="Resources">
<kw name="Wait Until Element Is Visible" owner="SeleniumLibrary">
<arg>${locator}</arg>
<arg>timeout=5s</arg>
<doc>Waits until the element ``locator`` is visible.</doc>
<status status="PASS" start="2026-02-26T23:04:05.811724" elapsed="0.035030"/>
</kw>
<kw name="Click Element" owner="SeleniumLibrary">
<msg time="2026-02-26T23:04:05.847721" level="INFO">Clicking element 'css:.fadeInItem .viewBtn'.</msg>
<arg>${locator}</arg>
<doc>Click the element identified by ``locator``.</doc>
<status status="PASS" start="2026-02-26T23:04:05.847269" elapsed="0.186749"/>
</kw>
<arg>css:.fadeInItem .viewBtn</arg>
<status status="PASS" start="2026-02-26T23:04:05.811150" elapsed="0.223125"/>
</kw>
<kw name="Wait Until Element Is Visible" owner="SeleniumLibrary">
<arg>css:.modal-content</arg>
<arg>timeout=5s</arg>
<doc>Waits until the element ``locator`` is visible.</doc>
<status status="PASS" start="2026-02-26T23:04:06.034727" elapsed="0.016139"/>
</kw>
<kw name="Wait And Click" owner="Resources">
<kw name="Wait Until Element Is Visible" owner="SeleniumLibrary">
<arg>${locator}</arg>
<arg>timeout=5s</arg>
<doc>Waits until the element ``locator`` is visible.</doc>
<status status="PASS" start="2026-02-26T23:04:06.051979" elapsed="0.011639"/>
</kw>
<kw name="Click Element" owner="SeleniumLibrary">
<msg time="2026-02-26T23:04:06.064615" level="INFO">Clicking element 'css:.btn-danger'.</msg>
<arg>${locator}</arg>
<doc>Click the element identified by ``locator``.</doc>
<status status="PASS" start="2026-02-26T23:04:06.063998" elapsed="0.076336"/>
</kw>
<arg>css:.btn-danger</arg>
<status status="PASS" start="2026-02-26T23:04:06.051468" elapsed="0.089015"/>
</kw>
<kw name="Wait Until Element Is Visible" owner="SeleniumLibrary">
<arg>css:.alert-overlay</arg>
<arg>timeout=5s</arg>
<doc>Waits until the element ``locator`` is visible.</doc>
<status status="PASS" start="2026-02-26T23:04:06.141228" elapsed="0.014853"/>
</kw>
<kw name="Page Should Contain Element" owner="SeleniumLibrary">
<msg time="2026-02-26T23:04:06.161928" level="INFO">Current page contains element 'css:.alert-content'.</msg>
<arg>css:.alert-content</arg>
<doc>Verifies that element ``locator`` is found on the current page.</doc>
<status status="PASS" start="2026-02-26T23:04:06.157733" elapsed="0.004398"/>
</kw>
<doc>Test 7: Verify delete confirmation modal.</doc>
<tag>Task</tag>
<status status="PASS" start="2026-02-26T23:04:05.399188" elapsed="0.763247"/>
</test>
<kw name="Close Browser" owner="SeleniumLibrary" type="TEARDOWN">
<doc>Closes the current browser.</doc>
<status status="PASS" start="2026-02-26T23:04:06.163472" elapsed="3.030423"/>
</kw>
<doc>Suite for Task Management</doc>
<status status="PASS" start="2026-02-26T23:03:54.167890" elapsed="15.026090"/>
</suite>
<status status="PASS" start="2026-02-26T23:03:12.782499" elapsed="56.412520"/>
</suite>
<statistics>
<total>
<stat pass="12" fail="0" skip="0">All Tests</stat>
</total>
<tag>
<stat pass="4" fail="0" skip="0">Auth</stat>
<stat pass="1" fail="0" skip="0">Critical</stat>
<stat pass="2" fail="0" skip="0">Group</stat>
<stat pass="1" fail="0" skip="0">i18n</stat>
<stat pass="1" fail="0" skip="0">Profile</stat>
<stat pass="4" fail="0" skip="0">Task</stat>
</tag>
<suite>
<stat name="Tests" id="s1" pass="12" fail="0" skip="0">Tests</stat>
<stat name="AuthTests" id="s1-s1" pass="3" fail="0" skip="0">Tests.AuthTests</stat>
<stat name="GroupTests" id="s1-s2" pass="2" fail="0" skip="0">Tests.GroupTests</stat>
<stat name="SettingsUI" id="s1-s3" pass="3" fail="0" skip="0">Tests.SettingsUI</stat>
<stat name="TaskTests" id="s1-s4" pass="4" fail="0" skip="0">Tests.TaskTests</stat>
</suite>
</statistics>
<errors>
</errors>
</robot>
